<?xml version="1.0" encoding="UTF-8"?>
<!-- Generated by org.testng.reporters.JUnitXMLReporter -->
<testsuite ignored="0" hostname="LAPTOP-9GECL9UO" failures="1" tests="1" name="Test" time="7.707" errors="0" timestamp="2024-11-14T14:36:01 IST">
  <testcase classname="testCases.TC001_Registrationtest" name="testRegistration" time="3.65">
    <failure type="java.lang.NullPointerException" message="Cannot invoke &amp;quot;org.openqa.selenium.JavascriptExecutor.executeScript(String, Object[])&amp;quot; because &amp;quot;js&amp;quot; is null">
      <![CDATA[java.lang.NullPointerException: Cannot invoke "org.openqa.selenium.JavascriptExecutor.executeScript(String, Object[])" because "js" is null
at pageObjects.RegistrationPage.Click_Enable(RegistrationPage.java:69)
at testCases.TC001_Registrationtest.testRegistration(TC001_Registrationtest.java:26)
at java.base/java.util.ArrayList.forEach(ArrayList.java:1597)
... Removed 25 stack frames]]>
    </failure>
  </testcase> <!-- testRegistration -->
</testsuite> <!-- Test -->
