<?xml version="1.0" encoding="UTF-8"?>
<testng-results ignored="0" total="1" passed="1" failed="0" skipped="0">
  <reporter-output>
  </reporter-output>
  <suite started-at="2024-11-15T15:22:56 IST" name="Suite" finished-at="2024-11-15T15:23:06 IST" duration-ms="9720">
    <groups>
      <group name="Master">
        <method signature="TC002_LoginTest.login()[pri:0, instance:testCases.TC002_LoginTest@563e4951]" name="login" class="testCases.TC002_LoginTest"/>
      </group> <!-- Master -->
      <group name="Regression">
        <method signature="TC002_LoginTest.login()[pri:0, instance:testCases.TC002_LoginTest@563e4951]" name="login" class="testCases.TC002_LoginTest"/>
      </group> <!-- Regression -->
    </groups>
    <test started-at="2024-11-15T15:22:56 IST" name="Test" finished-at="2024-11-15T15:23:06 IST" duration-ms="9720">
      <class name="testCases.TC002_LoginTest">
        <test-method is-config="true" signature="setup(java.lang.String,java.lang.String)[pri:0, instance:testCases.TC002_LoginTest@563e4951]" started-at="2024-11-15T15:22:56 IST" name="setup" finished-at="2024-11-15T15:23:03 IST" duration-ms="6978" status="PASS">
          <params>
            <param index="0">
              <value>
                <![CDATA[Windows]]>
              </value>
            </param>
            <param index="1">
              <value>
                <![CDATA[chrome]]>
              </value>
            </param>
          </params>
          <reporter-output>
          </reporter-output>
        </test-method> <!-- setup -->
        <test-method signature="login()[pri:0, instance:testCases.TC002_LoginTest@563e4951]" started-at="2024-11-15T15:23:03 IST" name="login" finished-at="2024-11-15T15:23:05 IST" duration-ms="2124" status="PASS">
          <reporter-output>
          </reporter-output>
        </test-method> <!-- login -->
        <test-method is-config="true" signature="teardown()[pri:0, instance:testCases.TC002_LoginTest@563e4951]" started-at="2024-11-15T15:23:05 IST" name="teardown" finished-at="2024-11-15T15:23:06 IST" duration-ms="368" status="PASS">
          <reporter-output>
          </reporter-output>
        </test-method> <!-- teardown -->
      </class> <!-- testCases.TC002_LoginTest -->
    </test> <!-- Test -->
  </suite> <!-- Suite -->
</testng-results>
